************************************************ 
RequireJS Build Script started.  
************************************************ 
Building \custom.css  

C:/inetpub/CiresonPortal/CustomSpace/custom.min.css
----------------
C:/inetpub/CiresonPortal/CustomSpace/Content/Styles/custom.login.css
C:/inetpub/CiresonPortal/CustomSpace/Content/Styles/custom.affix.css
C:/inetpub/CiresonPortal/CustomSpace/Content/Styles/custom.gridTasks.css
C:/inetpub/CiresonPortal/CustomSpace/Content/Styles/custom.requestOfferings.css
C:/inetpub/CiresonPortal/CustomSpace/Content/Styles/custom.ROToolbox.css
C:/inetpub/CiresonPortal/CustomSpace/custom.css

************************************************ 
Building \Scripts\viewMain.js  

Tracing dependencies for: C:/inetpub/CiresonPortal/CustomSpace/Scripts/viewMain-built.min.js
Uglify file: C:/inetpub/CiresonPortal/CustomSpace/Scripts/viewMain-built.min.js

C:/inetpub/CiresonPortal/CustomSpace/Scripts/viewMain-built.min.js
----------------
C:/inetpub/CiresonPortal/Scripts/require/text.js
text!structure/header/view.html
C:/inetpub/CiresonPortal/Scripts/structure/header/controller.js
text!structure/tab/tabNavigation/view.html
C:/inetpub/CiresonPortal/Scripts/structure/tab/tabNavigation/controller.js
text!structure/tab/tabPane/view.html
C:/inetpub/CiresonPortal/Scripts/structure/tab/tabPane/controller.js
text!structure/tab/tabContent/view.html
C:/inetpub/CiresonPortal/Scripts/structure/tab/tabContent/controller.js
text!structure/tab/tabData/view.html
C:/inetpub/CiresonPortal/Scripts/structure/tab/tabData/controller.js
text!structure/column/view.html
C:/inetpub/CiresonPortal/Scripts/structure/column/controller.js
text!structure/content/view.html
C:/inetpub/CiresonPortal/Scripts/structure/content/controller.js
text!viewPanels/facetedSearch/view.html
C:/inetpub/CiresonPortal/Scripts/viewPanels/facetedSearch/controller.js
text!viewPanels/html/view.html
C:/inetpub/CiresonPortal/Scripts/viewPanels/html/controller.js
text!CustomSpace/Scripts/viewPanels/serviceCatalog/view.html
C:/inetpub/CiresonPortal/CustomSpace/Scripts/viewPanels/serviceCatalog/controller.js
text!viewPanels/alternateSC/view.html
C:/inetpub/CiresonPortal/Scripts/viewPanels/alternateSC/controller.js
C:/inetpub/CiresonPortal/Scripts/grids/structure/defaultConfiguration/controller.js
C:/inetpub/CiresonPortal/Scripts/grids/structure/events/controller.js
text!grids/structure/toolbar/view.html
C:/inetpub/CiresonPortal/Scripts/grids/structure/toolbar/controller.js
C:/inetpub/CiresonPortal/Scripts/grids/columnTemplates/columnBase/controller.js
C:/inetpub/CiresonPortal/Scripts/grids/columnTemplates/string/controller.js
C:/inetpub/CiresonPortal/Scripts/grids/columnTemplates/number/controller.js
C:/inetpub/CiresonPortal/Scripts/grids/columnTemplates/bool/controller.js
C:/inetpub/CiresonPortal/Scripts/grids/columnTemplates/date/controller.js
text!grids/columnTemplates/SLOStatus/view.html
C:/inetpub/CiresonPortal/Scripts/grids/columnTemplates/SLOStatus/controller.js
C:/inetpub/CiresonPortal/Scripts/grids/columnTemplates/command/controller.js
C:/inetpub/CiresonPortal/Scripts/grids/columnTemplates/input/controller.js
C:/inetpub/CiresonPortal/Scripts/grids/columnTemplates/anchor/controller.js
C:/inetpub/CiresonPortal/Scripts/grids/structure/dataSource/controller.js
C:/inetpub/CiresonPortal/Scripts/grids/structure/sourceFields/controller.js
text!grids/structure/drawer/createLocalizationTemplate.html
C:/inetpub/CiresonPortal/Scripts/grids/structure/drawer/controller.js
text!grids/mobile/view.workitem.html
text!grids/mobile/view.configitem.html
text!grids/mobile/view.knowledgemanager.html
text!grids/mobile/view.announcement.html
text!grids/mobile/view.amGeneral.html
C:/inetpub/CiresonPortal/Scripts/grids/mobile/controller.js
C:/inetpub/CiresonPortal/Scripts/grids/gridBuilder.js
text!viewPanels/queryBuilder/view.html
C:/inetpub/CiresonPortal/Scripts/viewPanels/queryBuilder/controller.js
text!viewPanels/chart/view.html
C:/inetpub/CiresonPortal/Scripts/viewPanels/chart/controller.js
text!viewPanels/radialGauge/view.html
C:/inetpub/CiresonPortal/Scripts/viewPanels/radialGauge/controller.js
text!viewPanels/calendar/view.html
C:/inetpub/CiresonPortal/Scripts/viewPanels/calendar/controller.js
text!viewPanels/trendContainer/view.html
text!viewPanels/trendContainer/view.mobile.html
C:/inetpub/CiresonPortal/Scripts/viewPanels/trendContainer/controller.js
text!viewPanels/articleList/view.html
C:/inetpub/CiresonPortal/Scripts/viewPanels/articleList/controller.js
C:/inetpub/CiresonPortal/Scripts/viewPanels/viewPanelBuilder.js
C:/inetpub/CiresonPortal/Scripts/viewBuilder.js
C:/inetpub/CiresonPortal/Scripts/structure/drawer/gridTask/multiEditController.js
text!forms/tasks/anchor/view.html
C:/inetpub/CiresonPortal/Scripts/forms/tasks/anchor/controller.js
text!forms/tasks/analystByGroup/view.html
text!forms/fields/enum/view.html
C:/inetpub/CiresonPortal/Scripts/forms/fields/enum/controller.js
text!forms/tasks/drawerTask/view.html
C:/inetpub/CiresonPortal/Scripts/forms/tasks/analystByGroup/controller.js
text!forms/popups/notificationPopup/view.html
C:/inetpub/CiresonPortal/Scripts/forms/tasks/assignToMe/controller.js
text!forms/tasks/changeStatus/view.html
text!forms/tasks/changeStatus/view.drawer.html
text!forms/fields/longstring/view.html
C:/inetpub/CiresonPortal/Scripts/forms/fields/longstring/controller.js
text!forms/fields/boolean/view.html
C:/inetpub/CiresonPortal/Scripts/forms/fields/boolean/controller.js
C:/inetpub/CiresonPortal/Scripts/forms/tasks/changeStatus/controller.js
C:/inetpub/CiresonPortal/Scripts/forms/tasks/amChangeStatus/controller.js
text!forms/tasks/acknowledge/view.html
C:/inetpub/CiresonPortal/Scripts/forms/tasks/acknowledge/controller.js
C:/inetpub/CiresonPortal/Scripts/forms/tasks/convertToParent/controller.js
text!forms/tasks/linkToParent/view.html
text!forms/header/relationships/view.html
C:/inetpub/CiresonPortal/Scripts/forms/tasks/linkToParent/controller.js
text!forms/tasks/newStatus/view.html
C:/inetpub/CiresonPortal/Scripts/forms/tasks/newStatus/controller.js
text!forms/tasks/sendEmail/mobile_view.html
text!forms/tasks/sendEmail/view.html
text!forms/popups/userPickerPopup/view.html
C:/inetpub/CiresonPortal/Scripts/forms/popups/userPickerPopup/controller.js
text!forms/flyout/fileAttachmentsFlyout/mobile_view.html
text!forms/flyout/fileAttachmentsFlyout/view.html
C:/inetpub/CiresonPortal/Scripts/forms/flyout/fileAttachmentsFlyout/controller.js
C:/inetpub/CiresonPortal/CustomSpace/Scripts/forms/tasks/sendEmail/controller.js
C:/inetpub/CiresonPortal/Scripts/forms/tasks/custom/controller.js
text!forms/tasks/spacer/view.html
C:/inetpub/CiresonPortal/Scripts/forms/tasks/spacer/controller.js
C:/inetpub/CiresonPortal/Scripts/forms/tasks/associateItem/controller.js
text!forms/tasks/setDate/view.html
text!forms/fields/date/view.html
C:/inetpub/CiresonPortal/Scripts/forms/fields/date/controller.js
text!forms/fields/string/view.html
C:/inetpub/CiresonPortal/Scripts/forms/fields/string/controller.js
C:/inetpub/CiresonPortal/Scripts/forms/tasks/setDate/controller.js
C:/inetpub/CiresonPortal/Scripts/forms/tasks/updateAssetManagement/controller.js
C:/inetpub/CiresonPortal/Scripts/forms/tasks/updateSupersededHardware/controller.js
text!forms/tasks/copyLicenseAssignments/view.html
C:/inetpub/CiresonPortal/Scripts/forms/tasks/copyLicenseAssignments/controller.js
text!CustomSpace/customtasks.tmpl.html
C:/inetpub/CiresonPortal/Scripts/forms/tasks/copyToNewWI/controller.js
text!forms/tasks/increaseAvailableCount/view.html
C:/inetpub/CiresonPortal/Scripts/forms/fields/longString/controller.js
text!forms/fields/numeric/view.html
C:/inetpub/CiresonPortal/Scripts/forms/fields/numeric/controller.js
C:/inetpub/CiresonPortal/Scripts/forms/tasks/increaseAvailableCount/controller.js
text!forms/tasks/decreaseAvailableCount/view.html
C:/inetpub/CiresonPortal/Scripts/forms/tasks/decreaseAvailableCount/controller.js
C:/inetpub/CiresonPortal/Scripts/forms/tasks/print/controller.js
C:/inetpub/CiresonPortal/Scripts/forms/tasks/addMeToWatchList/controller.js
C:/inetpub/CiresonPortal/Scripts/forms/taskBuilder.js
C:/inetpub/CiresonPortal/Scripts/drawerBuilder.js
C:/inetpub/CiresonPortal/Scripts/viewMain.js

************************************************ 
Building \Scripts\forms\profileMain.js  

Tracing dependencies for: C:/inetpub/CiresonPortal/CustomSpace/Scripts/forms/profileMain-built.min.js
Uglify file: C:/inetpub/CiresonPortal/CustomSpace/Scripts/forms/profileMain-built.min.js

C:/inetpub/CiresonPortal/CustomSpace/Scripts/forms/profileMain-built.min.js
----------------
C:/inetpub/CiresonPortal/Scripts/require/text.js
text!forms/header/sticky/view.html
text!forms/flyout/fileAttachmentsFlyout/mobile_view.html
text!forms/flyout/fileAttachmentsFlyout/view.html
C:/inetpub/CiresonPortal/Scripts/forms/flyout/fileAttachmentsFlyout/controller.js
text!forms/flyout/remoteManageWidget/view.html
C:/inetpub/CiresonPortal/Scripts/forms/flyout/remoteManageWidget/controller.js
text!forms/flyout/headerAttachmentWidget/view.html
text!forms/predefined/fileAttachmentsDragDrop/view.html
C:/inetpub/CiresonPortal/Scripts/forms/predefined/fileAttachmentsDragDrop/controller.js
C:/inetpub/CiresonPortal/Scripts/forms/flyout/headerAttachmentWidget/controller.js
C:/inetpub/CiresonPortal/Scripts/forms/header/sticky/controller.js
text!forms/header/status/view.html
C:/inetpub/CiresonPortal/Scripts/forms/header/status/controller.js
text!forms/header/relationships/view.html
C:/inetpub/CiresonPortal/Scripts/forms/header/relationships/controller.js
text!forms/header/slo/view.html
C:/inetpub/CiresonPortal/Scripts/forms/header/slo/controller.js
text!forms/header/spacer/view.html
C:/inetpub/CiresonPortal/Scripts/forms/header/spacer/controller.js
text!forms/header/title/view.html
C:/inetpub/CiresonPortal/Scripts/forms/header/title/controller.js
text!forms/header/approval/view.html
C:/inetpub/CiresonPortal/Scripts/forms/header/approval/controller.js
C:/inetpub/CiresonPortal/Scripts/forms/headerBuilder.js
text!forms/structure/formPanel/view.html
C:/inetpub/CiresonPortal/Scripts/forms/structure/formPanel/controller.js
text!forms/structure/formPanelFull/view.html
C:/inetpub/CiresonPortal/Scripts/forms/structure/formPanelFull/controller.js
text!forms/structure/customFieldGroup/view.html
C:/inetpub/CiresonPortal/Scripts/forms/structure/customFieldGroup/controller.js
text!forms/structure/customFieldGroupRow/view.html
C:/inetpub/CiresonPortal/Scripts/forms/structure/customFieldGroupRow/controller.js
text!forms/structure/columnField/view.html
C:/inetpub/CiresonPortal/Scripts/forms/structure/columnField/controller.js
text!forms/structure/tab/view.html
C:/inetpub/CiresonPortal/Scripts/forms/structure/tab/controller.js
text!forms/structure/tabPane/view.html
C:/inetpub/CiresonPortal/Scripts/forms/structure/tabPane/controller.js
text!forms/structure/tabNavigation/view.html
text!forms/structure/tabNavigation/mobile.html
C:/inetpub/CiresonPortal/Scripts/forms/structure/tabNavigation/controller.js
text!forms/structure/tabData/view.html
text!forms/structure/tabData/mobile.html
C:/inetpub/CiresonPortal/Scripts/forms/structure/tabData/controller.js
text!forms/predefined/actionLog/view.html
C:/inetpub/CiresonPortal/Scripts/forms/predefined/actionLog/controller.js
text!forms/predefined/fileAttachments/view.html
C:/inetpub/CiresonPortal/Scripts/forms/predefined/fileAttachments/controller.js
text!forms/predefined/affectedItems/view.html
text!forms/popups/multipleObjectPickerPopup/view.html
C:/inetpub/CiresonPortal/Scripts/forms/popups/multipleObjectPickerPopup/controller.js
C:/inetpub/CiresonPortal/CustomSpace/Scripts/forms/predefined/affectedItems/controller.js
text!forms/predefined/relatedItems/view.html
C:/inetpub/CiresonPortal/CustomSpace/Scripts/forms/predefined/relatedItems/controller.js
text!forms/predefined/childWorkItems/view.html
C:/inetpub/CiresonPortal/Scripts/forms/predefined/childWorkItems/controller.js
text!forms/predefined/userInput/view.html
C:/inetpub/CiresonPortal/Scripts/forms/predefined/userInput/controller.js
text!forms/predefined/activities/view.html
C:/inetpub/CiresonPortal/Scripts/forms/predefined/activities/controller.js
text!forms/predefined/multipleObjectPicker/view.html
C:/inetpub/CiresonPortal/Scripts/forms/predefined/multipleObjectPicker/controller.js
text!CustomSpace/Scripts/forms/predefined/history/view.html
C:/inetpub/CiresonPortal/CustomSpace/Scripts/forms/predefined/history/controller.js
text!forms/predefined/billableTime/view.html
C:/inetpub/CiresonPortal/Scripts/forms/predefined/billableTime/controller.js
text!forms/predefined/knowledgeArticle/view.html
text!forms/predefined/knowledgeArticle/popup.html
C:/inetpub/CiresonPortal/Scripts/forms/predefined/knowledgeArticle/controller.js
text!forms/fields/string/view.html
C:/inetpub/CiresonPortal/Scripts/forms/fields/string/controller.js
text!forms/fields/longstring/view.html
C:/inetpub/CiresonPortal/Scripts/forms/fields/longstring/controller.js
text!forms/fields/boolean/view.html
C:/inetpub/CiresonPortal/Scripts/forms/fields/boolean/controller.js
text!forms/fields/display/view.html
C:/inetpub/CiresonPortal/Scripts/forms/fields/display/controller.js
text!forms/fields/spacer/view.html
C:/inetpub/CiresonPortal/Scripts/forms/fields/spacer/controller.js
text!forms/fields/numeric/view.html
C:/inetpub/CiresonPortal/Scripts/forms/fields/numeric/controller.js
C:/inetpub/CiresonPortal/Scripts/forms/fields/int/controller.js
C:/inetpub/CiresonPortal/Scripts/forms/fields/decimal/controller.js
C:/inetpub/CiresonPortal/Scripts/forms/fields/double/controller.js
text!forms/fields/date/view.html
C:/inetpub/CiresonPortal/Scripts/forms/fields/date/controller.js
text!forms/fields/datetime/view.html
C:/inetpub/CiresonPortal/Scripts/forms/fields/datetime/controller.js
text!forms/fields/enum/view.html
C:/inetpub/CiresonPortal/Scripts/forms/fields/enum/controller.js
text!forms/fields/userPicker/view.html
text!forms/popups/userPickerPopup/view.html
C:/inetpub/CiresonPortal/Scripts/forms/popups/userPickerPopup/controller.js
C:/inetpub/CiresonPortal/Scripts/forms/fields/userPicker/controller.js
text!forms/fields/objectPicker/view.html
text!forms/popups/objectPickerPopup/view.html
C:/inetpub/CiresonPortal/Scripts/forms/popups/objectPickerPopup/controller.js
C:/inetpub/CiresonPortal/Scripts/forms/fields/objectPicker/controller.js
text!forms/fields/button/view.html
C:/inetpub/CiresonPortal/Scripts/forms/fields/button/controller.js
text!forms/fields/editor/view.html
C:/inetpub/CiresonPortal/Scripts/forms/fields/editor/controller.js
text!forms/fields/combo/view.html
C:/inetpub/CiresonPortal/Scripts/forms/fields/combo/controller.js
text!forms/fields/dropDownList/view.html
C:/inetpub/CiresonPortal/Scripts/forms/fields/dropDownList/controller.js
text!forms/fields/bundle/view.html
C:/inetpub/CiresonPortal/Scripts/forms/fields/bundle/controller.js
text!forms/fields/fileUpload/view.html
C:/inetpub/CiresonPortal/Scripts/forms/fields/fileUpload/controller.js
text!forms/fields/urlTextbox/view.html
C:/inetpub/CiresonPortal/Scripts/forms/fields/urlTextbox/controller.js
C:/inetpub/CiresonPortal/Scripts/forms/fields/percentage/controller.js
C:/inetpub/CiresonPortal/Scripts/forms/formBuilder.js
C:/inetpub/CiresonPortal/Scripts/forms/formHelper.js
C:/inetpub/CiresonPortal/Scripts/forms/profileMain.js

************************************************ 
Building \Scripts\forms\wiMain.js  

Tracing dependencies for: C:/inetpub/CiresonPortal/CustomSpace/Scripts/forms/wiMain-built.min.js
Uglify file: C:/inetpub/CiresonPortal/CustomSpace/Scripts/forms/wiMain-built.min.js

C:/inetpub/CiresonPortal/CustomSpace/Scripts/forms/wiMain-built.min.js
----------------
C:/inetpub/CiresonPortal/Scripts/require/text.js
text!forms/tasks/anchor/view.html
C:/inetpub/CiresonPortal/Scripts/forms/tasks/anchor/controller.js
text!forms/tasks/analystByGroup/view.html
text!forms/fields/enum/view.html
C:/inetpub/CiresonPortal/Scripts/forms/fields/enum/controller.js
text!forms/tasks/drawerTask/view.html
C:/inetpub/CiresonPortal/Scripts/forms/tasks/analystByGroup/controller.js
text!forms/popups/notificationPopup/view.html
C:/inetpub/CiresonPortal/Scripts/forms/tasks/assignToMe/controller.js
text!forms/tasks/changeStatus/view.html
text!forms/tasks/changeStatus/view.drawer.html
text!forms/fields/longstring/view.html
C:/inetpub/CiresonPortal/Scripts/forms/fields/longstring/controller.js
text!forms/fields/boolean/view.html
C:/inetpub/CiresonPortal/Scripts/forms/fields/boolean/controller.js
C:/inetpub/CiresonPortal/Scripts/forms/tasks/changeStatus/controller.js
C:/inetpub/CiresonPortal/Scripts/forms/tasks/amChangeStatus/controller.js
text!forms/tasks/acknowledge/view.html
C:/inetpub/CiresonPortal/Scripts/forms/tasks/acknowledge/controller.js
C:/inetpub/CiresonPortal/Scripts/forms/tasks/convertToParent/controller.js
text!forms/tasks/linkToParent/view.html
text!forms/header/relationships/view.html
C:/inetpub/CiresonPortal/Scripts/forms/tasks/linkToParent/controller.js
text!forms/tasks/newStatus/view.html
C:/inetpub/CiresonPortal/Scripts/forms/tasks/newStatus/controller.js
text!forms/tasks/sendEmail/mobile_view.html
text!forms/tasks/sendEmail/view.html
text!forms/popups/userPickerPopup/view.html
C:/inetpub/CiresonPortal/Scripts/forms/popups/userPickerPopup/controller.js
text!forms/flyout/fileAttachmentsFlyout/mobile_view.html
text!forms/flyout/fileAttachmentsFlyout/view.html
C:/inetpub/CiresonPortal/Scripts/forms/flyout/fileAttachmentsFlyout/controller.js
C:/inetpub/CiresonPortal/CustomSpace/Scripts/forms/tasks/sendEmail/controller.js
C:/inetpub/CiresonPortal/Scripts/forms/tasks/custom/controller.js
text!forms/tasks/spacer/view.html
C:/inetpub/CiresonPortal/Scripts/forms/tasks/spacer/controller.js
C:/inetpub/CiresonPortal/Scripts/forms/tasks/associateItem/controller.js
text!forms/tasks/setDate/view.html
text!forms/fields/date/view.html
C:/inetpub/CiresonPortal/Scripts/forms/fields/date/controller.js
text!forms/fields/string/view.html
C:/inetpub/CiresonPortal/Scripts/forms/fields/string/controller.js
C:/inetpub/CiresonPortal/Scripts/forms/tasks/setDate/controller.js
C:/inetpub/CiresonPortal/Scripts/forms/tasks/updateAssetManagement/controller.js
C:/inetpub/CiresonPortal/Scripts/forms/tasks/updateSupersededHardware/controller.js
text!forms/tasks/copyLicenseAssignments/view.html
C:/inetpub/CiresonPortal/Scripts/forms/tasks/copyLicenseAssignments/controller.js
text!CustomSpace/customtasks.tmpl.html
C:/inetpub/CiresonPortal/Scripts/forms/tasks/copyToNewWI/controller.js
text!forms/tasks/increaseAvailableCount/view.html
C:/inetpub/CiresonPortal/Scripts/forms/fields/longString/controller.js
text!forms/fields/numeric/view.html
C:/inetpub/CiresonPortal/Scripts/forms/fields/numeric/controller.js
C:/inetpub/CiresonPortal/Scripts/forms/tasks/increaseAvailableCount/controller.js
text!forms/tasks/decreaseAvailableCount/view.html
C:/inetpub/CiresonPortal/Scripts/forms/tasks/decreaseAvailableCount/controller.js
C:/inetpub/CiresonPortal/Scripts/forms/tasks/print/controller.js
C:/inetpub/CiresonPortal/Scripts/forms/tasks/addMeToWatchList/controller.js
C:/inetpub/CiresonPortal/Scripts/forms/taskBuilder.js
text!forms/header/sticky/view.html
text!forms/flyout/remoteManageWidget/view.html
C:/inetpub/CiresonPortal/Scripts/forms/flyout/remoteManageWidget/controller.js
text!forms/flyout/headerAttachmentWidget/view.html
text!forms/predefined/fileAttachmentsDragDrop/view.html
C:/inetpub/CiresonPortal/Scripts/forms/predefined/fileAttachmentsDragDrop/controller.js
C:/inetpub/CiresonPortal/Scripts/forms/flyout/headerAttachmentWidget/controller.js
C:/inetpub/CiresonPortal/Scripts/forms/header/sticky/controller.js
text!forms/header/status/view.html
C:/inetpub/CiresonPortal/Scripts/forms/header/status/controller.js
C:/inetpub/CiresonPortal/Scripts/forms/header/relationships/controller.js
text!forms/header/slo/view.html
C:/inetpub/CiresonPortal/Scripts/forms/header/slo/controller.js
text!forms/header/spacer/view.html
C:/inetpub/CiresonPortal/Scripts/forms/header/spacer/controller.js
text!forms/header/title/view.html
C:/inetpub/CiresonPortal/Scripts/forms/header/title/controller.js
text!forms/header/approval/view.html
C:/inetpub/CiresonPortal/Scripts/forms/header/approval/controller.js
C:/inetpub/CiresonPortal/Scripts/forms/headerBuilder.js
text!forms/structure/formPanel/view.html
C:/inetpub/CiresonPortal/Scripts/forms/structure/formPanel/controller.js
text!forms/structure/formPanelFull/view.html
C:/inetpub/CiresonPortal/Scripts/forms/structure/formPanelFull/controller.js
text!forms/structure/customFieldGroup/view.html
C:/inetpub/CiresonPortal/Scripts/forms/structure/customFieldGroup/controller.js
text!forms/structure/customFieldGroupRow/view.html
C:/inetpub/CiresonPortal/Scripts/forms/structure/customFieldGroupRow/controller.js
text!forms/structure/columnField/view.html
C:/inetpub/CiresonPortal/Scripts/forms/structure/columnField/controller.js
text!forms/structure/tab/view.html
C:/inetpub/CiresonPortal/Scripts/forms/structure/tab/controller.js
text!forms/structure/tabPane/view.html
C:/inetpub/CiresonPortal/Scripts/forms/structure/tabPane/controller.js
text!forms/structure/tabNavigation/view.html
text!forms/structure/tabNavigation/mobile.html
C:/inetpub/CiresonPortal/Scripts/forms/structure/tabNavigation/controller.js
text!forms/structure/tabData/view.html
text!forms/structure/tabData/mobile.html
C:/inetpub/CiresonPortal/Scripts/forms/structure/tabData/controller.js
text!forms/predefined/actionLog/view.html
C:/inetpub/CiresonPortal/Scripts/forms/predefined/actionLog/controller.js
text!forms/predefined/fileAttachments/view.html
C:/inetpub/CiresonPortal/Scripts/forms/predefined/fileAttachments/controller.js
text!forms/predefined/affectedItems/view.html
text!forms/popups/multipleObjectPickerPopup/view.html
C:/inetpub/CiresonPortal/Scripts/forms/popups/multipleObjectPickerPopup/controller.js
C:/inetpub/CiresonPortal/CustomSpace/Scripts/forms/predefined/affectedItems/controller.js
text!forms/predefined/relatedItems/view.html
C:/inetpub/CiresonPortal/CustomSpace/Scripts/forms/predefined/relatedItems/controller.js
text!forms/predefined/childWorkItems/view.html
C:/inetpub/CiresonPortal/Scripts/forms/predefined/childWorkItems/controller.js
text!forms/predefined/userInput/view.html
C:/inetpub/CiresonPortal/Scripts/forms/predefined/userInput/controller.js
text!forms/predefined/activities/view.html
C:/inetpub/CiresonPortal/Scripts/forms/predefined/activities/controller.js
text!forms/predefined/multipleObjectPicker/view.html
C:/inetpub/CiresonPortal/Scripts/forms/predefined/multipleObjectPicker/controller.js
text!forms/predefined/billableTime/view.html
C:/inetpub/CiresonPortal/Scripts/forms/predefined/billableTime/controller.js
text!forms/predefined/knowledgeArticle/view.html
text!forms/predefined/knowledgeArticle/popup.html
C:/inetpub/CiresonPortal/Scripts/forms/predefined/knowledgeArticle/controller.js
text!forms/fields/display/view.html
C:/inetpub/CiresonPortal/Scripts/forms/fields/display/controller.js
text!forms/fields/spacer/view.html
C:/inetpub/CiresonPortal/Scripts/forms/fields/spacer/controller.js
C:/inetpub/CiresonPortal/Scripts/forms/fields/int/controller.js
C:/inetpub/CiresonPortal/Scripts/forms/fields/decimal/controller.js
C:/inetpub/CiresonPortal/Scripts/forms/fields/double/controller.js
text!forms/fields/datetime/view.html
C:/inetpub/CiresonPortal/Scripts/forms/fields/datetime/controller.js
text!forms/fields/userPicker/view.html
C:/inetpub/CiresonPortal/Scripts/forms/fields/userPicker/controller.js
text!forms/fields/objectPicker/view.html
text!forms/popups/objectPickerPopup/view.html
C:/inetpub/CiresonPortal/Scripts/forms/popups/objectPickerPopup/controller.js
C:/inetpub/CiresonPortal/Scripts/forms/fields/objectPicker/controller.js
text!forms/fields/button/view.html
C:/inetpub/CiresonPortal/Scripts/forms/fields/button/controller.js
text!forms/fields/editor/view.html
C:/inetpub/CiresonPortal/Scripts/forms/fields/editor/controller.js
text!forms/fields/combo/view.html
C:/inetpub/CiresonPortal/Scripts/forms/fields/combo/controller.js
text!forms/fields/dropDownList/view.html
C:/inetpub/CiresonPortal/Scripts/forms/fields/dropDownList/controller.js
text!forms/fields/bundle/view.html
C:/inetpub/CiresonPortal/Scripts/forms/fields/bundle/controller.js
text!forms/fields/fileUpload/view.html
C:/inetpub/CiresonPortal/Scripts/forms/fields/fileUpload/controller.js
text!forms/fields/urlTextbox/view.html
C:/inetpub/CiresonPortal/Scripts/forms/fields/urlTextbox/controller.js
C:/inetpub/CiresonPortal/Scripts/forms/fields/percentage/controller.js
C:/inetpub/CiresonPortal/Scripts/forms/formBuilder.js
C:/inetpub/CiresonPortal/Scripts/forms/formHelper.js
C:/inetpub/CiresonPortal/Scripts/forms/wiMain.js

************************************************ 
Building \Scripts\forms\wiActivityMain.js  

Tracing dependencies for: C:/inetpub/CiresonPortal/CustomSpace/Scripts/forms/wiActivityMain-built.min.js
Uglify file: C:/inetpub/CiresonPortal/CustomSpace/Scripts/forms/wiActivityMain-built.min.js

C:/inetpub/CiresonPortal/CustomSpace/Scripts/forms/wiActivityMain-built.min.js
----------------
C:/inetpub/CiresonPortal/Scripts/require/text.js
text!forms/tasks/anchor/view.html
C:/inetpub/CiresonPortal/Scripts/forms/tasks/anchor/controller.js
text!forms/tasks/analystByGroup/view.html
text!forms/fields/enum/view.html
C:/inetpub/CiresonPortal/Scripts/forms/fields/enum/controller.js
text!forms/tasks/drawerTask/view.html
C:/inetpub/CiresonPortal/Scripts/forms/tasks/analystByGroup/controller.js
text!forms/popups/notificationPopup/view.html
C:/inetpub/CiresonPortal/Scripts/forms/tasks/assignToMe/controller.js
text!forms/tasks/changeStatus/view.html
text!forms/tasks/changeStatus/view.drawer.html
text!forms/fields/longstring/view.html
C:/inetpub/CiresonPortal/Scripts/forms/fields/longstring/controller.js
text!forms/fields/boolean/view.html
C:/inetpub/CiresonPortal/Scripts/forms/fields/boolean/controller.js
C:/inetpub/CiresonPortal/Scripts/forms/tasks/changeStatus/controller.js
C:/inetpub/CiresonPortal/Scripts/forms/tasks/amChangeStatus/controller.js
text!forms/tasks/acknowledge/view.html
C:/inetpub/CiresonPortal/Scripts/forms/tasks/acknowledge/controller.js
C:/inetpub/CiresonPortal/Scripts/forms/tasks/convertToParent/controller.js
text!forms/tasks/linkToParent/view.html
text!forms/header/relationships/view.html
C:/inetpub/CiresonPortal/Scripts/forms/tasks/linkToParent/controller.js
text!forms/tasks/newStatus/view.html
C:/inetpub/CiresonPortal/Scripts/forms/tasks/newStatus/controller.js
text!forms/tasks/sendEmail/mobile_view.html
text!forms/tasks/sendEmail/view.html
text!forms/popups/userPickerPopup/view.html
C:/inetpub/CiresonPortal/Scripts/forms/popups/userPickerPopup/controller.js
text!forms/flyout/fileAttachmentsFlyout/mobile_view.html
text!forms/flyout/fileAttachmentsFlyout/view.html
C:/inetpub/CiresonPortal/Scripts/forms/flyout/fileAttachmentsFlyout/controller.js
C:/inetpub/CiresonPortal/CustomSpace/Scripts/forms/tasks/sendEmail/controller.js
C:/inetpub/CiresonPortal/Scripts/forms/tasks/custom/controller.js
text!forms/tasks/spacer/view.html
C:/inetpub/CiresonPortal/Scripts/forms/tasks/spacer/controller.js
C:/inetpub/CiresonPortal/Scripts/forms/tasks/associateItem/controller.js
text!forms/tasks/setDate/view.html
text!forms/fields/date/view.html
C:/inetpub/CiresonPortal/Scripts/forms/fields/date/controller.js
text!forms/fields/string/view.html
C:/inetpub/CiresonPortal/Scripts/forms/fields/string/controller.js
C:/inetpub/CiresonPortal/Scripts/forms/tasks/setDate/controller.js
C:/inetpub/CiresonPortal/Scripts/forms/tasks/updateAssetManagement/controller.js
C:/inetpub/CiresonPortal/Scripts/forms/tasks/updateSupersededHardware/controller.js
text!forms/tasks/copyLicenseAssignments/view.html
C:/inetpub/CiresonPortal/Scripts/forms/tasks/copyLicenseAssignments/controller.js
text!CustomSpace/customtasks.tmpl.html
C:/inetpub/CiresonPortal/Scripts/forms/tasks/copyToNewWI/controller.js
text!forms/tasks/increaseAvailableCount/view.html
C:/inetpub/CiresonPortal/Scripts/forms/fields/longString/controller.js
text!forms/fields/numeric/view.html
C:/inetpub/CiresonPortal/Scripts/forms/fields/numeric/controller.js
C:/inetpub/CiresonPortal/Scripts/forms/tasks/increaseAvailableCount/controller.js
text!forms/tasks/decreaseAvailableCount/view.html
C:/inetpub/CiresonPortal/Scripts/forms/tasks/decreaseAvailableCount/controller.js
C:/inetpub/CiresonPortal/Scripts/forms/tasks/print/controller.js
C:/inetpub/CiresonPortal/Scripts/forms/tasks/addMeToWatchList/controller.js
C:/inetpub/CiresonPortal/Scripts/forms/taskBuilder.js
text!forms/header/sticky/view.html
text!forms/flyout/remoteManageWidget/view.html
C:/inetpub/CiresonPortal/Scripts/forms/flyout/remoteManageWidget/controller.js
text!forms/flyout/headerAttachmentWidget/view.html
text!forms/predefined/fileAttachmentsDragDrop/view.html
C:/inetpub/CiresonPortal/Scripts/forms/predefined/fileAttachmentsDragDrop/controller.js
C:/inetpub/CiresonPortal/Scripts/forms/flyout/headerAttachmentWidget/controller.js
C:/inetpub/CiresonPortal/Scripts/forms/header/sticky/controller.js
text!forms/header/status/view.html
C:/inetpub/CiresonPortal/Scripts/forms/header/status/controller.js
C:/inetpub/CiresonPortal/Scripts/forms/header/relationships/controller.js
text!forms/header/slo/view.html
C:/inetpub/CiresonPortal/Scripts/forms/header/slo/controller.js
text!forms/header/spacer/view.html
C:/inetpub/CiresonPortal/Scripts/forms/header/spacer/controller.js
text!forms/header/title/view.html
C:/inetpub/CiresonPortal/Scripts/forms/header/title/controller.js
text!forms/header/approval/view.html
C:/inetpub/CiresonPortal/Scripts/forms/header/approval/controller.js
C:/inetpub/CiresonPortal/Scripts/forms/headerBuilder.js
text!forms/structure/formPanel/view.html
C:/inetpub/CiresonPortal/Scripts/forms/structure/formPanel/controller.js
text!forms/structure/formPanelFull/view.html
C:/inetpub/CiresonPortal/Scripts/forms/structure/formPanelFull/controller.js
text!forms/structure/customFieldGroup/view.html
C:/inetpub/CiresonPortal/Scripts/forms/structure/customFieldGroup/controller.js
text!forms/structure/customFieldGroupRow/view.html
C:/inetpub/CiresonPortal/Scripts/forms/structure/customFieldGroupRow/controller.js
text!forms/structure/columnField/view.html
C:/inetpub/CiresonPortal/Scripts/forms/structure/columnField/controller.js
text!forms/structure/tab/view.html
C:/inetpub/CiresonPortal/Scripts/forms/structure/tab/controller.js
text!forms/structure/tabPane/view.html
C:/inetpub/CiresonPortal/Scripts/forms/structure/tabPane/controller.js
text!forms/structure/tabNavigation/view.html
text!forms/structure/tabNavigation/mobile.html
C:/inetpub/CiresonPortal/Scripts/forms/structure/tabNavigation/controller.js
text!forms/structure/tabData/view.html
text!forms/structure/tabData/mobile.html
C:/inetpub/CiresonPortal/Scripts/forms/structure/tabData/controller.js
text!forms/predefined/actionLog/view.html
C:/inetpub/CiresonPortal/Scripts/forms/predefined/actionLog/controller.js
text!forms/predefined/fileAttachments/view.html
C:/inetpub/CiresonPortal/Scripts/forms/predefined/fileAttachments/controller.js
text!forms/predefined/affectedItems/view.html
text!forms/popups/multipleObjectPickerPopup/view.html
C:/inetpub/CiresonPortal/Scripts/forms/popups/multipleObjectPickerPopup/controller.js
C:/inetpub/CiresonPortal/CustomSpace/Scripts/forms/predefined/affectedItems/controller.js
text!forms/predefined/relatedItems/view.html
C:/inetpub/CiresonPortal/CustomSpace/Scripts/forms/predefined/relatedItems/controller.js
text!forms/predefined/childWorkItems/view.html
C:/inetpub/CiresonPortal/Scripts/forms/predefined/childWorkItems/controller.js
text!forms/predefined/userInput/view.html
C:/inetpub/CiresonPortal/Scripts/forms/predefined/userInput/controller.js
text!forms/predefined/activities/view.html
C:/inetpub/CiresonPortal/Scripts/forms/predefined/activities/controller.js
text!forms/predefined/multipleObjectPicker/view.html
C:/inetpub/CiresonPortal/Scripts/forms/predefined/multipleObjectPicker/controller.js
text!CustomSpace/Scripts/forms/predefined/history/view.html
C:/inetpub/CiresonPortal/CustomSpace/Scripts/forms/predefined/history/controller.js
text!forms/predefined/billableTime/view.html
C:/inetpub/CiresonPortal/Scripts/forms/predefined/billableTime/controller.js
text!forms/predefined/knowledgeArticle/view.html
text!forms/predefined/knowledgeArticle/popup.html
C:/inetpub/CiresonPortal/Scripts/forms/predefined/knowledgeArticle/controller.js
text!forms/fields/display/view.html
C:/inetpub/CiresonPortal/Scripts/forms/fields/display/controller.js
text!forms/fields/spacer/view.html
C:/inetpub/CiresonPortal/Scripts/forms/fields/spacer/controller.js
C:/inetpub/CiresonPortal/Scripts/forms/fields/int/controller.js
C:/inetpub/CiresonPortal/Scripts/forms/fields/decimal/controller.js
C:/inetpub/CiresonPortal/Scripts/forms/fields/double/controller.js
text!forms/fields/datetime/view.html
C:/inetpub/CiresonPortal/Scripts/forms/fields/datetime/controller.js
text!forms/fields/userPicker/view.html
C:/inetpub/CiresonPortal/Scripts/forms/fields/userPicker/controller.js
text!forms/fields/objectPicker/view.html
text!forms/popups/objectPickerPopup/view.html
C:/inetpub/CiresonPortal/Scripts/forms/popups/objectPickerPopup/controller.js
C:/inetpub/CiresonPortal/Scripts/forms/fields/objectPicker/controller.js
text!forms/fields/button/view.html
C:/inetpub/CiresonPortal/Scripts/forms/fields/button/controller.js
text!forms/fields/editor/view.html
C:/inetpub/CiresonPortal/Scripts/forms/fields/editor/controller.js
text!forms/fields/combo/view.html
C:/inetpub/CiresonPortal/Scripts/forms/fields/combo/controller.js
text!forms/fields/dropDownList/view.html
C:/inetpub/CiresonPortal/Scripts/forms/fields/dropDownList/controller.js
text!forms/fields/bundle/view.html
C:/inetpub/CiresonPortal/Scripts/forms/fields/bundle/controller.js
text!forms/fields/fileUpload/view.html
C:/inetpub/CiresonPortal/Scripts/forms/fields/fileUpload/controller.js
text!forms/fields/urlTextbox/view.html
C:/inetpub/CiresonPortal/Scripts/forms/fields/urlTextbox/controller.js
C:/inetpub/CiresonPortal/Scripts/forms/fields/percentage/controller.js
C:/inetpub/CiresonPortal/Scripts/forms/formBuilder.js
C:/inetpub/CiresonPortal/Scripts/forms/formHelper.js
C:/inetpub/CiresonPortal/Scripts/forms/wiActivityMain.js

************************************************ 
Building \CustomSpace\Scripts\serviceCatalog\roTaskMain.js  

Tracing dependencies for: C:/inetpub/CiresonPortal/CustomSpace/Scripts/serviceCatalog/roTaskMain-built.min.js
Uglify file: C:/inetpub/CiresonPortal/CustomSpace/Scripts/serviceCatalog/roTaskMain-built.min.js

C:/inetpub/CiresonPortal/CustomSpace/Scripts/serviceCatalog/roTaskMain-built.min.js
----------------
C:/inetpub/CiresonPortal/Scripts/require.js
C:/inetpub/CiresonPortal/CustomSpace//Scripts/serviceCatalog/tasks/addClass/controller.js
C:/inetpub/CiresonPortal/Scripts/require/text.js
text!CustomSpace/Scripts/serviceCatalog/tasks/addInformation/view.html
C:/inetpub/CiresonPortal/CustomSpace//Scripts/serviceCatalog/tasks/addInformation/controller.js
C:/inetpub/CiresonPortal/CustomSpace/Scripts/jquery/jquery.autosize.min.js
C:/inetpub/CiresonPortal/CustomSpace//Scripts/serviceCatalog/tasks/autoSize/controller.js
text!CustomSpace/Scripts/serviceCatalog/tasks/charCount/view.html
C:/inetpub/CiresonPortal/CustomSpace//Scripts/serviceCatalog/tasks/charCount/controller.js
C:/inetpub/CiresonPortal/CustomSpace//Scripts/serviceCatalog/tasks/indent/controller.js
C:/inetpub/CiresonPortal/CustomSpace//Scripts/serviceCatalog/tasks/layoutTemplate/controller.js
C:/inetpub/CiresonPortal/CustomSpace//Scripts/serviceCatalog/tasks/setAttribute/controller.js
C:/inetpub/CiresonPortal/CustomSpace//Scripts/serviceCatalog/tasks/setOptions/controller.js
C:/inetpub/CiresonPortal/CustomSpace//Scripts/serviceCatalog/tasks/singleLineEntry/controller.js
C:/inetpub/CiresonPortal/CustomSpace//Scripts/serviceCatalog/roTaskBuilder.js
C:/inetpub/CiresonPortal/CustomSpace//Scripts/serviceCatalog/roTaskMain.js

************************************************ 
Building \CustomSpace\Scripts\forms\wiTaskMain.js  

Tracing dependencies for: C:/inetpub/CiresonPortal/CustomSpace/Scripts/forms/wiTaskMain-built.min.js
Uglify file: C:/inetpub/CiresonPortal/CustomSpace/Scripts/forms/wiTaskMain-built.min.js

C:/inetpub/CiresonPortal/CustomSpace/Scripts/forms/wiTaskMain-built.min.js
----------------
C:/inetpub/CiresonPortal/Scripts/require/text.js
text!forms/tasks/anchor/view.html
text!CustomSpace/Scripts/forms/tasks/resolveIncident/view.html
text!forms/fields/enum/view.html
C:/inetpub/CiresonPortal/Scripts/forms/fields/enum/controller.js
text!CustomSpace/Scripts/forms/fields/longstring/view.html
C:/inetpub/CiresonPortal/CustomSpace/Scripts/forms/fields/longstring/controller.js
text!forms/fields/boolean/view.html
C:/inetpub/CiresonPortal/Scripts/forms/fields/boolean/controller.js
C:/inetpub/CiresonPortal/CustomSpace/Scripts/forms/tasks/resolveIncident/controller.js
C:/inetpub/CiresonPortal/CustomSpace/Scripts/forms/wiTaskBuilder.js
C:/inetpub/CiresonPortal/CustomSpace/Scripts/forms/wiTaskMain.js

************************************************ 
Building \CustomSpace\Scripts\grids\gridTaskMain.js  

Tracing dependencies for: C:/inetpub/CiresonPortal/CustomSpace/Scripts/grids/gridTaskMain-built.min.js
Uglify file: C:/inetpub/CiresonPortal/CustomSpace/Scripts/grids/gridTaskMain-built.min.js

C:/inetpub/CiresonPortal/CustomSpace/Scripts/grids/gridTaskMain-built.min.js
----------------
C:/inetpub/CiresonPortal/Scripts/require/text.js
text!CustomSpace/Scripts/grids/tasks/view.html
text!CustomSpace/Scripts/grids/tasks/listItemTask.html
text!CustomSpace/Scripts/grids/tasks/listItemLink.html
C:/inetpub/CiresonPortal/CustomSpace/Scripts/grids/gridTaskBuilder.js
C:/inetpub/CiresonPortal/CustomSpace/Scripts/grids/gridTaskMain.js

************************************************ 
RequireJS Build Script completed.  
